[21:44:09] [main/INFO]: Loading Minecraft 1.19.3 with Fabric Loader 0.15.10
[21:44:09] [main/INFO]: Loading 4 mods:
	- fabricloader 0.15.10
	   \-- mixinextras 0.3.5
	- java 22
	- minecraft 1.19.3
[21:44:09] [main/INFO]: SpongePowered MIXIN Subsystem Version=0.8.5 Source=file:/E:/工程文件/程序文件/python项目/MCDRplugin/server/libraries/net/fabricmc/sponge-mixin/0.13.3+mixin.0.8.5/sponge-mixin-0.13.3+mixin.0.8.5.jar Service=Knot/Fabric Env=SERVER
[21:44:21] [main/INFO]: Building unoptimized datafixer
[21:44:24] [main/INFO]: Environment: authHost='https://authserver.mojang.com', accountsHost='https://api.mojang.com', sessionHost='https://sessionserver.mojang.com', servicesHost='https://api.minecraftservices.com', name='PROD'
[21:44:27] [main/INFO]: Loaded 7 recipes
[21:44:28] [main/INFO]: Loaded 1179 advancements
[21:44:29] [Server thread/INFO]: Starting minecraft server version 1.19.3
[21:44:29] [Server thread/INFO]: Loading properties
[21:44:29] [Server thread/INFO]: Default game type: SURVIVAL
[21:44:29] [Server thread/INFO]: Generating keypair
[21:44:29] [Server thread/INFO]: Starting Minecraft server on *:25565
[21:44:30] [Server thread/INFO]: Using default channel type
[21:44:30] [Server thread/INFO]: Preparing level "world"
[21:44:34] [Server thread/INFO]: Preparing start region for dimension minecraft:overworld
[21:44:42] [Worker-Main-4/INFO]: Preparing spawn area: 0%
[21:44:42] [Worker-Main-3/INFO]: Preparing spawn area: 0%
[21:44:42] [Worker-Main-4/INFO]: Preparing spawn area: 0%
[21:44:42] [Worker-Main-1/INFO]: Preparing spawn area: 0%
[21:44:42] [Worker-Main-1/INFO]: Preparing spawn area: 0%
[21:44:42] [Worker-Main-3/INFO]: Preparing spawn area: 0%
[21:44:42] [Worker-Main-3/INFO]: Preparing spawn area: 0%
[21:44:42] [Worker-Main-4/INFO]: Preparing spawn area: 0%
[21:44:42] [Worker-Main-3/INFO]: Preparing spawn area: 0%
[21:44:42] [Worker-Main-4/INFO]: Preparing spawn area: 0%
[21:44:42] [Worker-Main-3/INFO]: Preparing spawn area: 0%
[21:44:42] [Worker-Main-3/INFO]: Preparing spawn area: 0%
[21:44:42] [Worker-Main-1/INFO]: Preparing spawn area: 0%
[21:44:42] [Worker-Main-1/INFO]: Preparing spawn area: 0%
[21:44:42] [Worker-Main-1/INFO]: Preparing spawn area: 0%
[21:44:42] [Worker-Main-1/INFO]: Preparing spawn area: 0%
[21:44:42] [Worker-Main-1/INFO]: Preparing spawn area: 0%
[21:44:43] [Worker-Main-2/INFO]: Preparing spawn area: 0%
[21:44:43] [Worker-Main-2/INFO]: Preparing spawn area: 37%
[21:44:44] [Worker-Main-1/INFO]: Preparing spawn area: 84%
[21:44:44] [Server thread/INFO]: Time elapsed: 9790 ms
[21:44:44] [Server thread/INFO]: Done (13.741s)! For help, type "help"
[21:44:56] [User Authenticator #1/INFO]: UUID of player ZQHDnd is 439524a9-856d-46f8-91b0-c4bf75afeca9
[21:44:56] [Server thread/INFO]: ZQHDnd[/127.0.0.1:58058] logged in with entity id 243 at (75.72019431184117, 68.29309195718207, 47.75716237713652)
[21:44:56] [Server thread/INFO]: ZQHDnd joined the game
[21:45:01] [Server thread/WARN]: Can't keep up! Is the server overloaded? Running 2044ms or 40 ticks behind
[21:45:51] [Server thread/INFO]: Unknown or incomplete command, see below for error
[21:45:51] [Server thread/INFO]: > !!MCDR raload plugin<--[HERE]
[21:46:31] [Server thread/INFO]: <ZQHDnd> mpwa bind
[21:51:17] [Server thread/INFO]: <ZQHDnd> mpma bind
[21:51:42] [Server thread/INFO]: <ZQHDnd> mpwa bind
[21:53:37] [Server thread/INFO]: <ZQHDnd> mpwa bind
[21:53:43] [Server thread/WARN]: Can't keep up! Is the server overloaded? Running 2012ms or 40 ticks behind
