[MCDR] [2024-04-20 18:13:00] [MainThread/INFO]: MCDReforged is running on Python 3.10.9 environment
[MCDR] [2024-04-20 18:13:00] [TaskExecutor/INFO]: Refreshing all plugins
[MCDR] [2024-04-20 18:13:00] [TaskExecutor/INFO]: Plugin my_plugin_id@1.0.0 loaded
[MCDR] [2024-04-20 18:13:00] [TaskExecutor/INFO]: Loaded: §71§r plugins; Active plugin amount: §73§r
[MCDR] [2024-04-20 18:13:00] [MainThread/INFO]: Starting the server with command "java -Xms1G -Xmx2G -Dfile.encoding=UTF-8 -jar fabric-server-mc.1.19.3-loader.0.15.10-launcher.1.0.1.jar nogui"
[MCDR] [2024-04-20 18:13:00] [MainThread/INFO]: Server is running at PID 24932
[MCDR] [2024-04-20 18:13:01] [CheckUpdate/INFO]: MCDR is already the latest version
[MCDR] [2024-04-20 19:54:55] [TaskExecutor/INFO]: §lMCDReforged§r version: §e2.12.3§r
[MCDR] [2024-04-20 19:54:55] [TaskExecutor/INFO]: MCDR state: §aRunning§r
[MCDR] [2024-04-20 19:54:55] [TaskExecutor/INFO]: Server state: §aRunning§r
[MCDR] [2024-04-20 19:54:55] [TaskExecutor/INFO]: Server startup: True
[MCDR] [2024-04-20 19:54:55] [TaskExecutor/INFO]: Exit after server stops: True
[MCDR] [2024-04-20 19:54:55] [TaskExecutor/INFO]: Rcon: §7Offline§r
[MCDR] [2024-04-20 19:54:55] [TaskExecutor/INFO]: Plugin count: §63§r
[MCDR] [2024-04-20 19:54:55] [TaskExecutor/INFO]: Server PID: 24932
[MCDR] [2024-04-20 19:54:55] [TaskExecutor/INFO]:   cmd.exe: 24932
[MCDR] [2024-04-20 19:54:55] [TaskExecutor/INFO]:   └── java.exe: 11100
[MCDR] [2024-04-20 19:54:55] [TaskExecutor/INFO]:       └── java.exe: 24856
[MCDR] [2024-04-20 19:54:55] [TaskExecutor/INFO]: Info queue load: §60§r/§62048§r
[MCDR] [2024-04-20 19:54:55] [TaskExecutor/INFO]: Thread count: §66§r
[MCDR] [2024-04-20 19:54:55] [TaskExecutor/INFO]:   - MainThread
[MCDR] [2024-04-20 19:54:55] [TaskExecutor/INFO]:   - WatchDog
[MCDR] [2024-04-20 19:54:55] [TaskExecutor/INFO]:   - TaskExecutor
[MCDR] [2024-04-20 19:54:55] [TaskExecutor/INFO]:   - ConsoleHandler
[MCDR] [2024-04-20 19:54:55] [TaskExecutor/INFO]:   - UpdateHelper
[MCDR] [2024-04-20 19:54:55] [TaskExecutor/INFO]:   - patch-stdout-flush-thread
[MCDR] [2024-04-20 19:55:26] [TaskExecutor/INFO]: §7!!MCDR reload plugin§r: Load / Reload / Unloaded §lchanged§r plugins
[MCDR] [2024-04-20 19:55:26] [TaskExecutor/INFO]: §7!!MCDR reload config§r: Reload config file
[MCDR] [2024-04-20 19:55:26] [TaskExecutor/INFO]: §7!!MCDR reload permission§r: Reload permission file
[MCDR] [2024-04-20 19:55:26] [TaskExecutor/INFO]: §7!!MCDR reload all§r: Reload everything above
[MCDR] [2024-04-20 19:56:19] [TaskExecutor/INFO]: §7!!MCDR reload plugin§r: Load / Reload / Unloaded §lchanged§r plugins
[MCDR] [2024-04-20 19:56:19] [TaskExecutor/INFO]: §7!!MCDR reload config§r: Reload config file
[MCDR] [2024-04-20 19:56:19] [TaskExecutor/INFO]: §7!!MCDR reload permission§r: Reload permission file
[MCDR] [2024-04-20 19:56:19] [TaskExecutor/INFO]: §7!!MCDR reload all§r: Reload everything above
[MCDR] [2024-04-20 20:03:08] [TaskExecutor/INFO]: §7!!MCDR reload plugin§r: Load / Reload / Unloaded §lchanged§r plugins
[MCDR] [2024-04-20 20:03:08] [TaskExecutor/INFO]: §7!!MCDR reload config§r: Reload config file
[MCDR] [2024-04-20 20:03:08] [TaskExecutor/INFO]: §7!!MCDR reload permission§r: Reload permission file
[MCDR] [2024-04-20 20:03:08] [TaskExecutor/INFO]: §7!!MCDR reload all§r: Reload everything above
[MCDR] [2024-04-20 20:04:24] [TaskExecutor/INFO]: Refreshing all changed plugins
[MCDR] [2024-04-20 20:04:24] [TaskExecutor/INFO]: Plugin my_plugin_id@1.0.0 unloaded
[MCDR] [2024-04-20 20:04:24] [TaskExecutor/INFO]: Plugin login@1.0.0 reloaded
[MCDR] [2024-04-20 20:04:24] [TaskExecutor/INFO] [login]: Hello world!
[MCDR] [2024-04-20 20:04:24] [TaskExecutor/INFO]: Reloaded: §71§r plugins; Active plugin amount: §73§r
[MCDR] [2024-04-20 20:05:57] [TaskExecutor/INFO]: Refreshing all changed plugins
[MCDR] [2024-04-20 20:05:57] [TaskExecutor/INFO]: Plugin login@1.0.0 unloaded
[MCDR] [2024-04-20 20:05:57] [TaskExecutor/INFO]: Plugin login@1.0.0 reloaded
[MCDR] [2024-04-20 20:05:57] [TaskExecutor/INFO] [login]: Hello world!
[MCDR] [2024-04-20 20:05:58] [TaskExecutor/INFO]: Reloaded: §71§r plugins; Active plugin amount: §73§r
[MCDR] [2024-04-20 20:06:26] [TaskExecutor/INFO]: Refreshing all changed plugins
[MCDR] [2024-04-20 20:06:26] [TaskExecutor/INFO]: Plugin login@1.0.0 unloaded
[MCDR] [2024-04-20 20:06:26] [TaskExecutor/INFO]: Plugin login@1.0.0 reloaded
[MCDR] [2024-04-20 20:06:26] [TaskExecutor/INFO] [login]: Hello world!
[MCDR] [2024-04-20 20:06:26] [TaskExecutor/INFO]: Reloaded: §71§r plugins; Active plugin amount: §73§r
[MCDR] [2024-04-20 21:36:35] [TaskExecutor/INFO]: Refreshing all changed plugins
[MCDR] [2024-04-20 21:36:35] [TaskExecutor/INFO]: Plugin login@1.0.0 unloaded
[MCDR] [2024-04-20 21:36:35] [TaskExecutor/INFO]: Plugin login@1.0.0 reloaded
[MCDR] [2024-04-20 21:36:35] [TaskExecutor/INFO] [login]: Hello world!
[MCDR] [2024-04-20 21:36:35] [TaskExecutor/INFO]: Reloaded: §71§r plugins; Active plugin amount: §73§r
[MCDR] [2024-04-20 21:41:54] [TaskExecutor/INFO]: Unknown command: !!mpwa<--
[MCDR] [2024-04-20 21:42:10] [TaskExecutor/INFO]: Command not found, type "§7!!MCDR§r" to see help
[MCDR] [2024-04-20 21:42:10] [TaskExecutor/INFO]: Unknown argument: !!MCDR re<--
[MCDR] [2024-04-20 21:42:22] [TaskExecutor/INFO]: Unknown command: !!mpwa<--
[MCDR] [2024-04-20 21:43:27] [TaskExecutor/INFO]: Command not found, type "§7!!MCDR§r" to see help
[MCDR] [2024-04-20 21:43:27] [TaskExecutor/INFO]: Unknown argument: !!MCDR raload plugin<--
[MCDR] [2024-04-20 21:43:42] [TaskExecutor/INFO]: Refreshing all changed plugins
[MCDR] [2024-04-20 21:43:42] [TaskExecutor/INFO]: Plugin login@1.0.0 unloaded
[MCDR] [2024-04-20 21:43:42] [TaskExecutor/INFO]: Plugin login@1.0.0 reloaded
[MCDR] [2024-04-20 21:43:42] [TaskExecutor/INFO] [login]: Hello world!
[MCDR] [2024-04-20 21:43:42] [TaskExecutor/INFO]: Reloaded: §71§r plugins; Active plugin amount: §73§r
[MCDR] [2024-04-20 21:44:03] [MainThread/INFO]: Server process stopped with code 0
[MCDR] [2024-04-20 21:44:03] [TaskExecutor/INFO]: Starting the server with command "java -Xms1G -Xmx2G -Dfile.encoding=UTF-8 -jar fabric-server-mc.1.19.3-loader.0.15.10-launcher.1.0.1.jar nogui"
[MCDR] [2024-04-20 21:44:03] [TaskExecutor/INFO]: Server is running at PID 7944
[MCDR] [2024-04-20 21:44:03] [MainThread/INFO]: Server stopped
[MCDR] [2024-04-20 21:45:59] [TaskExecutor/INFO]: Command not found, type "§7!!MCDR§r" to see help
[MCDR] [2024-04-20 21:45:59] [TaskExecutor/INFO]: Unknown argument: !!MCDR raload plugin<--
[MCDR] [2024-04-20 21:46:16] [TaskExecutor/INFO]: Refreshing all changed plugins
[MCDR] [2024-04-20 21:46:16] [TaskExecutor/INFO]: Plugin login@1.0.0 unloaded
[MCDR] [2024-04-20 21:46:16] [TaskExecutor/INFO]: Plugin login@1.0.0 reloaded
[MCDR] [2024-04-20 21:46:16] [TaskExecutor/INFO] [login]: Hello world!
[MCDR] [2024-04-20 21:46:16] [TaskExecutor/INFO]: Reloaded: §71§r plugins; Active plugin amount: §73§r
[MCDR] [2024-04-20 21:52:04] [TaskExecutor/INFO]: Refreshing all changed plugins
[MCDR] [2024-04-20 21:52:04] [TaskExecutor/INFO]: Plugin login@1.0.0 unloaded
[MCDR] [2024-04-20 21:52:04] [TaskExecutor/INFO]: Plugin login@1.0.0 reloaded
[MCDR] [2024-04-20 21:52:04] [TaskExecutor/INFO] [login]: Hello world!
[MCDR] [2024-04-20 21:52:04] [TaskExecutor/INFO]: Reloaded: §71§r plugins; Active plugin amount: §73§r
[MCDR] [2024-04-20 21:53:23] [TaskExecutor/INFO]: Refreshing all changed plugins
[MCDR] [2024-04-20 21:53:23] [TaskExecutor/INFO]: Plugin login@1.0.0 unloaded
[MCDR] [2024-04-20 21:53:23] [TaskExecutor/INFO]: Plugin login@1.0.0 reloaded
[MCDR] [2024-04-20 21:53:23] [TaskExecutor/INFO] [login]: Hello world!
[MCDR] [2024-04-20 21:53:23] [TaskExecutor/INFO]: Reloaded: §71§r plugins; Active plugin amount: §73§r
